<?xml version="1.0" encoding="UTF-8"?>
<!-- Generated by org.testng.reporters.JUnitReportReporter -->
<testsuite hostname="WIN-L5JCQRVTC28" name="united.tests.Start" tests="1" failures="0" timestamp="23 Feb 2016 18:52:45 GMT" time="11.039" errors="0">
  <testcase name="aStart" time="11.039" classname="united.tests.Start"/>
</testsuite> <!-- united.tests.Start -->
